<?xml version="1.0" encoding="UTF-8"?>
<!-- Generated by org.testng.reporters.JUnitXMLReporter -->
<testsuite ignored="0" hostname="DESKTOP-CJEQOGK" failures="1" tests="1" name="RegressionTest" time="35.673" errors="0" timestamp="2024-10-08T23:31:29 IST">
  <testcase classname="in.amazon.tests.AmazonTestNG" name="verifyAddToCart" time="12.122">
    <failure type="java.lang.NumberFormatException" message="For input string: &amp;quot;9,999&amp;quot;">
      <![CDATA[java.lang.NumberFormatException: For input string: "9,999"
at java.base/jdk.internal.math.FloatingDecimal.readJavaFormatString(FloatingDecimal.java:2054)
at java.base/jdk.internal.math.FloatingDecimal.parseDouble(FloatingDecimal.java:110)
at java.base/java.lang.Double.parseDouble(Double.java:938)
at in.amazon.tests.AmazonTestNG.verifyAddToCart(AmazonTestNG.java:68)
at java.base/java.util.ArrayList.forEach(ArrayList.java:1597)
... Removed 25 stack frames]]>
    </failure>
  </testcase> <!-- verifyAddToCart -->
</testsuite> <!-- RegressionTest -->
